Wed, 05 Sep 2018 16:11:25 runner1.py[line:83] WARNING ERROR: EmailServerConfFile is ERROR !!!
Wed, 05 Sep 2018 16:11:25 runner1.py[line:84] WARNING exit(1) from __init__
Wed, 05 Sep 2018 16:18:11 runner1.py[line:83] WARNING ERROR: EmailServerConfFile is ERROR !!!
Wed, 05 Sep 2018 16:18:11 runner1.py[line:84] WARNING exit(1) from __init__
Wed, 05 Sep 2018 16:19:12 runner1.py[line:83] WARNING ERROR: EmailServerConfFile is ERROR !!!
Wed, 05 Sep 2018 16:19:12 runner1.py[line:84] WARNING exit(1) from __init__
Wed, 05 Sep 2018 16:19:31 runner1.py[line:83] WARNING ERROR: EmailServerConfFile is ERROR !!!
Wed, 05 Sep 2018 16:19:31 runner1.py[line:84] WARNING exit(1) from __init__
Wed, 05 Sep 2018 16:21:17 runner1.py[line:82] WARNING ERROR: EmailServerConfFile is ERROR !!!
Wed, 05 Sep 2018 16:21:17 runner1.py[line:83] WARNING exit(1) from __init__
Wed, 05 Sep 2018 16:21:24 runner1.py[line:82] WARNING ERROR: EmailServerConfFile is ERROR !!!
Wed, 05 Sep 2018 16:21:24 runner1.py[line:83] WARNING exit(1) from __init__
Wed, 05 Sep 2018 16:22:21 runner1.py[line:83] WARNING ERROR: EmailServerConfFile is ERROR !!!
Wed, 05 Sep 2018 16:22:21 runner1.py[line:84] WARNING exit(1) from __init__
Wed, 05 Sep 2018 16:22:30 runner1.py[line:83] WARNING ERROR: EmailServerConfFile is ERROR !!!
Wed, 05 Sep 2018 16:22:30 runner1.py[line:84] WARNING exit(1) from __init__
Wed, 05 Sep 2018 16:23:12 runner1.py[line:83] WARNING ERROR: EmailServerConfFile is ERROR !!!
Wed, 05 Sep 2018 16:23:12 runner1.py[line:84] WARNING exit(1) from __init__
Wed, 05 Sep 2018 16:23:23 runner1.py[line:84] WARNING ERROR: EmailServerConfFile is ERROR !!!
Wed, 05 Sep 2018 16:23:23 runner1.py[line:85] WARNING exit(1) from __init__
Wed, 05 Sep 2018 16:23:35 runner1.py[line:85] WARNING ERROR: EmailServerConfFile is ERROR !!!
Wed, 05 Sep 2018 16:23:35 runner1.py[line:86] WARNING exit(1) from __init__
Wed, 05 Sep 2018 16:26:45 runner1.py[line:85] WARNING ERROR: EmailServerConfFile is ERROR !!!
Wed, 05 Sep 2018 16:26:45 runner1.py[line:86] WARNING exit(1) from __init__
Wed, 05 Sep 2018 16:30:30 runner1.py[line:87] WARNING ERROR: EmailServerConfFile is ERROR !!!
Wed, 05 Sep 2018 16:30:30 runner1.py[line:88] WARNING exit(1) from __init__
Wed, 05 Sep 2018 16:51:13 runner1.py[line:87] WARNING ERROR: EmailServerConfFile is ERROR !!!
Wed, 05 Sep 2018 16:51:13 runner1.py[line:88] WARNING exit(1) from __init__
Wed, 05 Sep 2018 16:51:34 runner1.py[line:88] WARNING ERROR: EmailServerConfFile is ERROR !!!
Wed, 05 Sep 2018 16:51:34 runner1.py[line:89] WARNING exit(1) from __init__
Wed, 05 Sep 2018 16:51:53 runner1.py[line:89] WARNING ERROR: EmailServerConfFile is ERROR !!!
Wed, 05 Sep 2018 16:51:53 runner1.py[line:90] WARNING exit(1) from __init__
Wed, 05 Sep 2018 17:38:27 runner1.py[line:89] WARNING ERROR: EmailServerConfFile is ERROR !!!
Wed, 05 Sep 2018 17:38:27 runner1.py[line:90] WARNING exit(1) from __init__
Wed, 05 Sep 2018 17:38:59 runner1.py[line:89] WARNING ERROR: EmailServerConfFile is ERROR !!!
Wed, 05 Sep 2018 17:38:59 runner1.py[line:90] WARNING exit(1) from __init__
Wed, 05 Sep 2018 17:44:36 runner1.py[line:88] WARNING ERROR: EmailServerConfFile is ERROR !!!
Wed, 05 Sep 2018 17:44:36 runner1.py[line:89] WARNING exit(1) from __init__
Wed, 05 Sep 2018 17:45:28 runner1.py[line:101] WARNING ERROR: EmailServerConfFile is ERROR !!!
Wed, 05 Sep 2018 17:45:28 runner1.py[line:102] WARNING exit(1) from __init__
Wed, 05 Sep 2018 17:45:30 runner1.py[line:101] WARNING ERROR: EmailServerConfFile is ERROR !!!
Wed, 05 Sep 2018 17:45:30 runner1.py[line:102] WARNING exit(1) from __init__
Wed, 05 Sep 2018 17:46:08 runner1.py[line:102] WARNING ERROR: EmailServerConfFile is ERROR !!!
Wed, 05 Sep 2018 17:46:08 runner1.py[line:103] WARNING exit(1) from __init__
Wed, 05 Sep 2018 17:46:16 runner1.py[line:102] WARNING ERROR: EmailServerConfFile is ERROR !!!
Wed, 05 Sep 2018 17:46:16 runner1.py[line:103] WARNING exit(1) from __init__
Wed, 05 Sep 2018 17:46:51 runner1.py[line:103] WARNING ERROR: EmailServerConfFile is ERROR !!!
Wed, 05 Sep 2018 17:46:51 runner1.py[line:104] WARNING exit(1) from __init__
Wed, 05 Sep 2018 18:50:36 runner1.py[line:103] WARNING ERROR: EmailServerConfFile is ERROR !!!
Wed, 05 Sep 2018 18:50:36 runner1.py[line:104] WARNING exit(1) from __init__
Wed, 05 Sep 2018 18:50:41 runner1.py[line:103] WARNING ERROR: EmailServerConfFile is ERROR !!!
Wed, 05 Sep 2018 18:50:41 runner1.py[line:104] WARNING exit(1) from __init__
Wed, 05 Sep 2018 18:51:02 runner1.py[line:100] WARNING ERROR: EmailServerConfFile is ERROR !!!
Wed, 05 Sep 2018 18:51:02 runner1.py[line:101] WARNING exit(1) from __init__
Wed, 05 Sep 2018 18:57:41 runner1.py[line:77] INFO smtp conf ====> ip: smtp.exmail.qq.com port: 465 user: heby@m2c2017.com password: UZw3WKwVHetaABBm
Wed, 05 Sep 2018 18:57:41 runner1.py[line:78] INFO init end
Wed, 05 Sep 2018 18:58:21 runner1.py[line:77] INFO smtp conf ====> ip: smtp.exmail.qq.com port: 465 user: heby@m2c2017.com password: UZw3WKwVHetaABBm
Wed, 05 Sep 2018 18:58:21 runner1.py[line:78] INFO init end
Wed, 05 Sep 2018 18:59:21 runner1.py[line:188] WARNING ERROR: makeMIMETextEmail is ERROR !!!
Wed, 05 Sep 2018 18:59:21 runner1.py[line:189] WARNING exit(1) from makeMIMETextEmail
Wed, 05 Sep 2018 19:00:25 runner1.py[line:79] INFO smtp conf ====> ip: smtp.exmail.qq.com port: 465 user: heby@m2c2017.com password: UZw3WKwVHetaABBm
Wed, 05 Sep 2018 19:00:25 runner1.py[line:80] INFO init end
Wed, 05 Sep 2018 19:00:36 runner1.py[line:79] INFO smtp conf ====> ip: smtp.exmail.qq.com port: 465 user: heby@m2c2017.com password: UZw3WKwVHetaABBm
Wed, 05 Sep 2018 19:00:36 runner1.py[line:80] INFO init end
Wed, 05 Sep 2018 19:00:56 runner1.py[line:79] INFO smtp conf ====> ip: smtp.exmail.qq.com port: 465 user: heby@m2c2017.com password: UZw3WKwVHetaABBm
Wed, 05 Sep 2018 19:00:56 runner1.py[line:80] INFO init end
Wed, 05 Sep 2018 19:01:56 runner1.py[line:195] WARNING ERROR: makeMIMETextEmail is ERROR !!!
Wed, 05 Sep 2018 19:01:56 runner1.py[line:196] WARNING exit(1) from makeMIMETextEmail
Wed, 05 Sep 2018 19:07:47 runner1.py[line:79] INFO smtp conf ====> ip: smtp.exmail.qq.com port: 465 user: heby@m2c2017.com password: UZw3WKwVHetaABBm
Wed, 05 Sep 2018 19:07:47 runner1.py[line:80] INFO init end
Wed, 05 Sep 2018 19:08:47 runner1.py[line:197] WARNING ERROR: makeMIMETextEmail is ERROR !!!
Wed, 05 Sep 2018 19:08:47 runner1.py[line:198] WARNING exit(1) from makeMIMETextEmail
Wed, 05 Sep 2018 19:10:46 runner1.py[line:79] INFO smtp conf ====> ip: smtp.exmail.qq.com port: 465 user: heby@m2c2017.com password: UZw3WKwVHetaABBm
Wed, 05 Sep 2018 19:10:46 runner1.py[line:80] INFO init end
Wed, 05 Sep 2018 19:11:46 runner1.py[line:198] WARNING ERROR: makeMIMETextEmail is ERROR !!!
Wed, 05 Sep 2018 19:11:46 runner1.py[line:199] WARNING exit(1) from makeMIMETextEmail
Wed, 05 Sep 2018 19:13:54 runner1.py[line:79] INFO smtp conf ====> ip: smtp.exmail.qq.com port: 465 user: heby@m2c2017.com password: UZw3WKwVHetaABBm
Wed, 05 Sep 2018 19:13:54 runner1.py[line:80] INFO init end
Wed, 05 Sep 2018 19:14:54 runner1.py[line:202] WARNING ERROR: makeMIMETextEmail is ERROR !!!
Wed, 05 Sep 2018 19:14:54 runner1.py[line:203] WARNING exit(1) from makeMIMETextEmail
Wed, 05 Sep 2018 19:17:41 runner1.py[line:80] INFO smtp conf ====> ip: smtp.exmail.qq.com port: 465 user: heby@m2c2017.com password: UZw3WKwVHetaABBm
Wed, 05 Sep 2018 19:17:41 runner1.py[line:81] INFO init end
Wed, 05 Sep 2018 19:18:41 runner1.py[line:202] WARNING ERROR: makeMIMETextEmail is ERROR !!!
Wed, 05 Sep 2018 19:18:41 runner1.py[line:203] WARNING exit(1) from makeMIMETextEmail
Wed, 05 Sep 2018 19:23:26 runner1.py[line:79] INFO smtp conf ====> ip: smtp.exmail.qq.com port: 465 user: heby@m2c2017.com password: UZw3WKwVHetaABBm
Wed, 05 Sep 2018 19:23:26 runner1.py[line:80] INFO init end
Wed, 05 Sep 2018 19:23:51 runner1.py[line:79] INFO smtp conf ====> ip: smtp.exmail.qq.com port: 465 user: heby@m2c2017.com password: UZw3WKwVHetaABBm
Wed, 05 Sep 2018 19:23:51 runner1.py[line:80] INFO init end
Wed, 05 Sep 2018 19:24:16 runner1.py[line:79] INFO smtp conf ====> ip: smtp.exmail.qq.com port: 465 user: heby@m2c2017.com password: UZw3WKwVHetaABBm
Wed, 05 Sep 2018 19:24:16 runner1.py[line:80] INFO init end
Wed, 05 Sep 2018 19:24:37 runner1.py[line:79] INFO smtp conf ====> ip: smtp.exmail.qq.com port: 465 user: heby@m2c2017.com password: UZw3WKwVHetaABBm
Wed, 05 Sep 2018 19:24:37 runner1.py[line:80] INFO init end
Wed, 05 Sep 2018 19:24:51 runner1.py[line:202] WARNING ERROR: makeMIMETextEmail is ERROR !!!
Wed, 05 Sep 2018 19:24:51 runner1.py[line:203] WARNING exit(1) from makeMIMETextEmail
Wed, 05 Sep 2018 19:24:53 runner1.py[line:79] INFO smtp conf ====> ip: smtp.exmail.qq.com port: 465 user: heby@m2c2017.com password: UZw3WKwVHetaABBm
Wed, 05 Sep 2018 19:24:53 runner1.py[line:80] INFO init end
Wed, 05 Sep 2018 19:25:37 runner1.py[line:203] WARNING ERROR: makeMIMETextEmail is ERROR !!!
Wed, 05 Sep 2018 19:25:37 runner1.py[line:204] WARNING exit(1) from makeMIMETextEmail
Wed, 05 Sep 2018 19:25:53 runner1.py[line:203] WARNING ERROR: makeMIMETextEmail is ERROR !!!
Wed, 05 Sep 2018 19:25:53 runner1.py[line:204] WARNING exit(1) from makeMIMETextEmail
Wed, 05 Sep 2018 19:26:23 runner1.py[line:79] INFO smtp conf ====> ip: smtp.exmail.qq.com port: 465 user: heby@m2c2017.com password: UZw3WKwVHetaABBm
Wed, 05 Sep 2018 19:26:23 runner1.py[line:80] INFO init end
Wed, 05 Sep 2018 19:27:23 runner1.py[line:203] WARNING ERROR: makeMIMETextEmail is ERROR !!!
Wed, 05 Sep 2018 19:27:23 runner1.py[line:204] WARNING exit(1) from makeMIMETextEmail
Wed, 05 Sep 2018 19:27:39 runner1.py[line:79] INFO smtp conf ====> ip: smtp.exmail.qq.com port: 465 user: heby@m2c2017.com password: UZw3WKwVHetaABBm
Wed, 05 Sep 2018 19:27:39 runner1.py[line:80] INFO init end
Wed, 05 Sep 2018 19:27:55 runner1.py[line:79] INFO smtp conf ====> ip: smtp.exmail.qq.com port: 465 user: heby@m2c2017.com password: UZw3WKwVHetaABBm
Wed, 05 Sep 2018 19:27:55 runner1.py[line:80] INFO init end
Wed, 05 Sep 2018 19:27:58 runner1.py[line:79] INFO smtp conf ====> ip: smtp.exmail.qq.com port: 465 user: heby@m2c2017.com password: UZw3WKwVHetaABBm
Wed, 05 Sep 2018 19:27:58 runner1.py[line:80] INFO init end
Wed, 05 Sep 2018 19:28:20 runner1.py[line:79] INFO smtp conf ====> ip: smtp.exmail.qq.com port: 465 user: heby@m2c2017.com password: UZw3WKwVHetaABBm
Wed, 05 Sep 2018 19:28:20 runner1.py[line:80] INFO init end
Wed, 05 Sep 2018 19:29:20 runner1.py[line:201] WARNING ERROR: makeMIMETextEmail is ERROR !!!
Wed, 05 Sep 2018 19:29:20 runner1.py[line:202] WARNING exit(1) from makeMIMETextEmail
Wed, 05 Sep 2018 19:31:25 runner1.py[line:79] INFO smtp conf ====> ip: smtp.exmail.qq.com port: 465 user: heby@m2c2017.com password: UZw3WKwVHetaABBm
Wed, 05 Sep 2018 19:31:25 runner1.py[line:80] INFO init end
Wed, 05 Sep 2018 19:31:52 runner1.py[line:79] INFO smtp conf ====> ip: smtp.exmail.qq.com port: 465 user: heby@m2c2017.com password: UZw3WKwVHetaABBm
Wed, 05 Sep 2018 19:31:52 runner1.py[line:80] INFO init end
Wed, 05 Sep 2018 19:32:26 runner1.py[line:79] INFO smtp conf ====> ip: smtp.exmail.qq.com port: 465 user: heby@m2c2017.com password: UZw3WKwVHetaABBm
Wed, 05 Sep 2018 19:32:26 runner1.py[line:80] INFO init end
Wed, 05 Sep 2018 19:32:53 runner1.py[line:79] INFO smtp conf ====> ip: smtp.exmail.qq.com port: 465 user: heby@m2c2017.com password: UZw3WKwVHetaABBm
Wed, 05 Sep 2018 19:32:53 runner1.py[line:80] INFO init end
Wed, 05 Sep 2018 19:33:19 runner1.py[line:79] INFO smtp conf ====> ip: smtp.exmail.qq.com port: 465 user: heby@m2c2017.com password: UZw3WKwVHetaABBm
Wed, 05 Sep 2018 19:33:19 runner1.py[line:80] INFO init end
Wed, 05 Sep 2018 19:34:25 runner1.py[line:79] INFO smtp conf ====> ip: smtp.exmail.qq.com port: 465 user: heby@m2c2017.com password: UZw3WKwVHetaABBm
Wed, 05 Sep 2018 19:34:25 runner1.py[line:80] INFO init end
Wed, 05 Sep 2018 19:34:44 runner1.py[line:79] INFO smtp conf ====> ip: smtp.exmail.qq.com port: 465 user: heby@m2c2017.com password: UZw3WKwVHetaABBm
Wed, 05 Sep 2018 19:34:44 runner1.py[line:80] INFO init end
Wed, 05 Sep 2018 19:36:32 runner1.py[line:79] INFO smtp conf ====> ip: smtp.exmail.qq.com port: 465 user: heby@m2c2017.com password: UZw3WKwVHetaABBm
Wed, 05 Sep 2018 19:36:32 runner1.py[line:80] INFO init end
Wed, 05 Sep 2018 19:37:18 runner1.py[line:79] INFO smtp conf ====> ip: smtp.exmail.qq.com port: 465 user: heby@m2c2017.com password: UZw3WKwVHetaABBm
Wed, 05 Sep 2018 19:37:18 runner1.py[line:80] INFO init end
Wed, 05 Sep 2018 19:41:51 runner1.py[line:78] INFO smtp conf ====> ip: smtp.exmail.qq.com port: 465 user: heby@m2c2017.com password: UZw3WKwVHetaABBm
Wed, 05 Sep 2018 19:41:51 runner1.py[line:79] INFO init end
Wed, 05 Sep 2018 19:42:16 runner1.py[line:78] INFO smtp conf ====> ip: smtp.exmail.qq.com port: 465 user: heby@m2c2017.com password: UZw3WKwVHetaABBm
Wed, 05 Sep 2018 19:42:16 runner1.py[line:79] INFO init end
Wed, 05 Sep 2018 19:42:51 runner1.py[line:130] WARNING Error
Wed, 05 Sep 2018 19:45:03 runner1.py[line:78] INFO smtp conf ====> ip: smtp.exmail.qq.com port: 465 user: heby@m2c2017.com password: UZw3WKwVHetaABBm
Wed, 05 Sep 2018 19:45:03 runner1.py[line:79] INFO init end
Wed, 05 Sep 2018 19:46:14 runner1.py[line:78] INFO smtp conf ====> ip: smtp.exmail.qq.com port: 465 user: heby@m2c2017.com password: UZw3WKwVHetaABBm
Wed, 05 Sep 2018 19:46:14 runner1.py[line:79] INFO init end
Wed, 05 Sep 2018 19:48:38 runner1.py[line:78] INFO smtp conf ====> ip: smtp.exmail.qq.com port: 465 user: heby@m2c2017.com password: UZw3WKwVHetaABBm
Wed, 05 Sep 2018 19:48:38 runner1.py[line:79] INFO init end
Wed, 05 Sep 2018 19:51:02 runner1.py[line:78] INFO smtp conf ====> ip: smtp.exmail.qq.com port: 465 user: heby@m2c2017.com password: UZw3WKwVHetaABBm
Wed, 05 Sep 2018 19:51:02 runner1.py[line:79] INFO init end
Wed, 05 Sep 2018 19:52:46 runner1.py[line:78] INFO smtp conf ====> ip: smtp.exmail.qq.com port: 465 user: heby@m2c2017.com password: UZw3WKwVHetaABBm
Wed, 05 Sep 2018 19:52:46 runner1.py[line:79] INFO init end
Wed, 05 Sep 2018 19:52:48 runner1.py[line:128] INFO Email for test was send
Wed, 05 Sep 2018 19:54:30 runner1.py[line:78] INFO smtp conf ====> ip: smtp.exmail.qq.com port: 465 user: heby@m2c2017.com password: UZw3WKwVHetaABBm
Wed, 05 Sep 2018 19:54:30 runner1.py[line:79] INFO init end
Wed, 05 Sep 2018 19:54:31 runner1.py[line:131] INFO Email for test was send
Wed, 05 Sep 2018 19:55:38 runner1.py[line:78] INFO smtp conf ====> ip: smtp.exmail.qq.com port: 465 user: heby@m2c2017.com password: UZw3WKwVHetaABBm
Wed, 05 Sep 2018 19:55:38 runner1.py[line:79] INFO init end
Wed, 05 Sep 2018 19:55:40 runner1.py[line:131] INFO Email for test was send
Wed, 05 Sep 2018 19:57:48 runner1.py[line:78] INFO smtp conf ====> ip: smtp.exmail.qq.com port: 465 user: heby@m2c2017.com password: UZw3WKwVHetaABBm
Wed, 05 Sep 2018 19:57:48 runner1.py[line:79] INFO init end
Wed, 05 Sep 2018 19:57:50 runner1.py[line:131] INFO Email for test was send
Thu, 06 Sep 2018 14:28:54 runner1.py[line:89] WARNING ERROR: EmailServerConfFile is ERROR !!!
Thu, 06 Sep 2018 14:28:54 runner1.py[line:90] WARNING exit(1) from __init__
Thu, 06 Sep 2018 14:29:07 runner1.py[line:88] WARNING ERROR: EmailServerConfFile is ERROR !!!
Thu, 06 Sep 2018 14:29:07 runner1.py[line:89] WARNING exit(1) from __init__
Thu, 06 Sep 2018 14:29:13 runner1.py[line:88] WARNING ERROR: EmailServerConfFile is ERROR !!!
Thu, 06 Sep 2018 14:29:13 runner1.py[line:89] WARNING exit(1) from __init__
Thu, 06 Sep 2018 14:48:21 runner1.py[line:166] WARNING Error
Thu, 06 Sep 2018 15:09:33 file_excute.py[line:29] INFO 获取文件内容成功
Thu, 06 Sep 2018 15:09:33 runner1.py[line:86] INFO smtp conf ====> ip: smtp.exmail.qq.com port: 465 user: heby@m2c2017.com password: UZw3WKwVHetaABBm
Thu, 06 Sep 2018 15:09:33 runner1.py[line:87] INFO init end
Thu, 06 Sep 2018 15:34:23 file_excute.py[line:30] INFO 获取文件内容成功
Thu, 06 Sep 2018 15:34:40 file_excute.py[line:30] INFO 获取文件内容成功
Thu, 06 Sep 2018 15:34:40 file_excute.py[line:30] INFO 获取文件内容成功
Thu, 06 Sep 2018 15:35:18 file_excute.py[line:30] INFO 获取文件内容成功
Thu, 06 Sep 2018 15:35:18 file_excute.py[line:30] INFO 获取文件内容成功
Thu, 06 Sep 2018 15:36:25 file_excute.py[line:30] INFO 获取文件内容成功
Thu, 06 Sep 2018 15:36:58 file_excute.py[line:30] INFO 获取文件内容成功
Thu, 06 Sep 2018 15:39:44 file_excute.py[line:30] INFO 获取文件内容成功
Thu, 06 Sep 2018 15:41:07 file_excute.py[line:30] INFO 获取文件内容成功
Thu, 06 Sep 2018 15:41:32 file_excute.py[line:30] INFO 获取文件内容成功
Thu, 06 Sep 2018 15:44:38 file_excute.py[line:30] INFO 获取文件内容成功
Thu, 06 Sep 2018 15:49:05 file_excute.py[line:30] INFO 获取文件内容成功
Thu, 06 Sep 2018 15:50:58 file_excute.py[line:30] INFO 获取文件内容成功
Thu, 06 Sep 2018 15:51:27 file_excute.py[line:30] INFO 获取文件内容成功
Thu, 06 Sep 2018 15:51:48 file_excute.py[line:30] INFO 获取文件内容成功
Thu, 06 Sep 2018 15:54:27 file_excute.py[line:30] INFO 获取文件内容成功
Thu, 06 Sep 2018 15:55:35 file_excute.py[line:30] INFO 获取文件内容成功
Thu, 06 Sep 2018 15:59:58 file_excute.py[line:30] INFO 获取文件内容成功
Thu, 06 Sep 2018 16:01:29 file_excute.py[line:30] INFO 获取文件内容成功
Thu, 06 Sep 2018 16:02:18 file_excute.py[line:30] INFO 获取文件内容成功
Thu, 06 Sep 2018 16:06:33 file_excute.py[line:30] INFO 获取文件内容成功
Thu, 06 Sep 2018 16:07:31 file_excute.py[line:30] INFO 获取文件内容成功
Thu, 06 Sep 2018 16:08:09 file_excute.py[line:30] INFO 获取文件内容成功
Thu, 06 Sep 2018 16:08:26 file_excute.py[line:30] INFO 获取文件内容成功
Thu, 06 Sep 2018 16:09:10 file_excute.py[line:30] INFO 获取文件内容成功
Thu, 06 Sep 2018 16:10:19 file_excute.py[line:30] INFO 获取文件内容成功
Thu, 06 Sep 2018 16:10:52 file_excute.py[line:30] INFO 获取文件内容成功
Thu, 06 Sep 2018 16:12:41 file_excute.py[line:30] INFO 获取文件内容成功
Thu, 06 Sep 2018 16:13:31 file_excute.py[line:30] INFO 获取文件内容成功
Thu, 06 Sep 2018 16:14:48 file_excute.py[line:30] INFO 获取文件内容成功
Thu, 06 Sep 2018 16:16:54 file_excute.py[line:30] INFO 获取文件内容成功
Thu, 06 Sep 2018 16:17:17 file_excute.py[line:30] INFO 获取文件内容成功
Thu, 06 Sep 2018 16:20:07 file_excute.py[line:30] INFO 获取文件内容成功
Thu, 06 Sep 2018 16:20:07 runner1.py[line:148] INFO smtp conf ====> ip: smtp.exmail.qq.com port: 465 user: heby@m2c2017.com password: UZw3WKwVHetaABBm
Thu, 06 Sep 2018 16:20:07 runner1.py[line:149] INFO init end
Thu, 06 Sep 2018 16:20:09 runner1.py[line:204] INFO Email for test was send
Thu, 06 Sep 2018 16:23:15 file_excute.py[line:30] INFO 获取文件内容成功
Thu, 06 Sep 2018 16:23:15 runner1.py[line:148] INFO smtp conf ====> ip: smtp.exmail.qq.com port: 465 user: heby@m2c2017.com password: UZw3WKwVHetaABBm
Thu, 06 Sep 2018 16:23:15 runner1.py[line:149] INFO init end
Thu, 06 Sep 2018 16:23:17 runner1.py[line:204] INFO Email for test was send
Thu, 06 Sep 2018 16:24:06 file_excute.py[line:30] INFO 获取文件内容成功
Thu, 06 Sep 2018 16:24:06 runner1.py[line:148] INFO smtp conf ====> ip: smtp.exmail.qq.com port: 465 user: heby@m2c2017.com password: UZw3WKwVHetaABBm
Thu, 06 Sep 2018 16:24:06 runner1.py[line:149] INFO init end
Thu, 06 Sep 2018 16:24:08 runner1.py[line:204] INFO Email for test was send
Thu, 06 Sep 2018 16:27:03 file_excute.py[line:30] INFO 获取文件内容成功
Thu, 06 Sep 2018 16:27:03 runner1.py[line:148] INFO smtp conf ====> ip: smtp.exmail.qq.com port: 465 user: heby@m2c2017.com password: UZw3WKwVHetaABBm
Thu, 06 Sep 2018 16:27:03 runner1.py[line:149] INFO init end
Thu, 06 Sep 2018 16:27:05 runner1.py[line:205] INFO Email for test was send
Thu, 06 Sep 2018 16:27:43 file_excute.py[line:30] INFO 获取文件内容成功
Thu, 06 Sep 2018 16:27:43 runner1.py[line:148] INFO smtp conf ====> ip: smtp.exmail.qq.com port: 465 user: heby@m2c2017.com password: UZw3WKwVHetaABBm
Thu, 06 Sep 2018 16:27:43 runner1.py[line:149] INFO init end
Thu, 06 Sep 2018 16:27:45 runner1.py[line:205] INFO Email for test was send
Thu, 06 Sep 2018 16:30:08 file_excute.py[line:30] INFO 获取文件内容成功
Thu, 06 Sep 2018 16:30:08 runner1.py[line:148] INFO smtp conf ====> ip: smtp.exmail.qq.com port: 465 user: heby@m2c2017.com password: UZw3WKwVHetaABBm
Thu, 06 Sep 2018 16:30:08 runner1.py[line:149] INFO init end
Thu, 06 Sep 2018 16:30:12 runner1.py[line:205] INFO Email for test was send
Thu, 06 Sep 2018 16:31:03 file_excute.py[line:30] INFO 获取文件内容成功
Thu, 06 Sep 2018 16:31:03 runner1.py[line:148] INFO smtp conf ====> ip: smtp.exmail.qq.com port: 465 user: heby@m2c2017.com password: UZw3WKwVHetaABBm
Thu, 06 Sep 2018 16:31:03 runner1.py[line:149] INFO init end
Thu, 06 Sep 2018 16:31:05 runner1.py[line:205] INFO Email for test was send
Thu, 06 Sep 2018 16:53:17 file_excute.py[line:29] INFO 获取文件内容成功
Thu, 06 Sep 2018 16:53:17 runner1.py[line:150] INFO smtp conf ====> ip: smtp.exmail.qq.com port: 465 user: heby@m2c2017.com password: UZw3WKwVHetaABBm
Thu, 06 Sep 2018 16:53:17 runner1.py[line:151] INFO init end
Thu, 06 Sep 2018 16:53:58 file_excute.py[line:29] INFO 获取文件内容成功
Thu, 06 Sep 2018 16:53:58 runner1.py[line:150] INFO smtp conf ====> ip: smtp.exmail.qq.com port: 465 user: heby@m2c2017.com password: UZw3WKwVHetaABBm
Thu, 06 Sep 2018 16:53:58 runner1.py[line:151] INFO init end
Thu, 06 Sep 2018 16:55:12 file_excute.py[line:29] INFO 获取文件内容成功
Thu, 06 Sep 2018 16:55:12 runner1.py[line:150] INFO smtp conf ====> ip: smtp.exmail.qq.com port: 465 user: heby@m2c2017.com password: UZw3WKwVHetaABBm
Thu, 06 Sep 2018 16:55:12 runner1.py[line:151] INFO init end
Thu, 06 Sep 2018 16:55:14 runner1.py[line:207] INFO Email for test was send
Thu, 06 Sep 2018 16:56:37 file_excute.py[line:29] INFO 获取文件内容成功
Thu, 06 Sep 2018 16:56:37 runner1.py[line:150] INFO smtp conf ====> ip: smtp.exmail.qq.com port: 465 user: heby@m2c2017.com password: UZw3WKwVHetaABBm
Thu, 06 Sep 2018 16:56:37 runner1.py[line:151] INFO init end
Thu, 06 Sep 2018 16:56:49 file_excute.py[line:29] INFO 获取文件内容成功
Thu, 06 Sep 2018 16:56:49 runner1.py[line:150] INFO smtp conf ====> ip: smtp.exmail.qq.com port: 465 user: heby@m2c2017.com password: UZw3WKwVHetaABBm
Thu, 06 Sep 2018 16:56:49 runner1.py[line:151] INFO init end
Thu, 06 Sep 2018 16:56:51 runner1.py[line:207] INFO Email for test was send
Thu, 06 Sep 2018 16:57:01 file_excute.py[line:29] INFO 获取文件内容成功
Thu, 06 Sep 2018 16:57:01 runner1.py[line:150] INFO smtp conf ====> ip: smtp.exmail.qq.com port: 465 user: heby@m2c2017.com password: UZw3WKwVHetaABBm
Thu, 06 Sep 2018 16:57:01 runner1.py[line:151] INFO init end
Thu, 06 Sep 2018 16:57:03 runner1.py[line:207] INFO Email for test was send
Thu, 06 Sep 2018 16:57:55 file_excute.py[line:29] INFO 获取文件内容成功
Thu, 06 Sep 2018 16:57:55 runner1.py[line:150] INFO smtp conf ====> ip: smtp.exmail.qq.com port: 465 user: heby@m2c2017.com password: UZw3WKwVHetaABBm
Thu, 06 Sep 2018 16:57:55 runner1.py[line:151] INFO init end
Thu, 06 Sep 2018 16:57:58 runner1.py[line:206] INFO Email for test was send
Thu, 06 Sep 2018 16:58:13 file_excute.py[line:29] INFO 获取文件内容成功
Thu, 06 Sep 2018 16:58:13 runner1.py[line:150] INFO smtp conf ====> ip: smtp.exmail.qq.com port: 465 user: heby@m2c2017.com password: UZw3WKwVHetaABBm
Thu, 06 Sep 2018 16:58:13 runner1.py[line:151] INFO init end
Thu, 06 Sep 2018 16:58:15 runner1.py[line:206] INFO Email for test was send
Thu, 06 Sep 2018 16:59:00 file_excute.py[line:29] INFO 获取文件内容成功
Thu, 06 Sep 2018 16:59:00 runner1.py[line:150] INFO smtp conf ====> ip: smtp.exmail.qq.com port: 465 user: heby@m2c2017.com password: UZw3WKwVHetaABBm
Thu, 06 Sep 2018 16:59:00 runner1.py[line:151] INFO init end
Thu, 06 Sep 2018 16:59:03 runner1.py[line:207] INFO Email for test was send
Thu, 06 Sep 2018 16:59:07 file_excute.py[line:29] INFO 获取文件内容成功
Thu, 06 Sep 2018 16:59:07 runner1.py[line:150] INFO smtp conf ====> ip: smtp.exmail.qq.com port: 465 user: heby@m2c2017.com password: UZw3WKwVHetaABBm
Thu, 06 Sep 2018 16:59:07 runner1.py[line:151] INFO init end
Thu, 06 Sep 2018 17:02:27 file_excute.py[line:29] INFO 获取文件内容成功
Thu, 06 Sep 2018 17:02:27 runner1.py[line:150] INFO smtp conf ====> ip: smtp.exmail.qq.com port: 465 user: heby@m2c2017.com password: UZw3WKwVHetaABBm
Thu, 06 Sep 2018 17:02:27 runner1.py[line:151] INFO init end
Thu, 06 Sep 2018 17:02:29 runner1.py[line:207] INFO Email for test was send
Thu, 06 Sep 2018 17:03:48 file_excute.py[line:29] INFO 获取文件内容成功
Thu, 06 Sep 2018 17:03:48 runner1.py[line:150] INFO smtp conf ====> ip: smtp.exmail.qq.com port: 465 user: heby@m2c2017.com password: UZw3WKwVHetaABBm
Thu, 06 Sep 2018 17:03:48 runner1.py[line:151] INFO init end
Thu, 06 Sep 2018 17:03:50 runner1.py[line:207] INFO Email for test was send
Thu, 06 Sep 2018 17:08:41 file_excute.py[line:29] INFO 获取文件内容成功
Thu, 06 Sep 2018 17:08:41 runner1.py[line:150] INFO smtp conf ====> ip: smtp.exmail.qq.com port: 465 user: heby@m2c2017.com password: UZw3WKwVHetaABBm
Thu, 06 Sep 2018 17:08:41 runner1.py[line:151] INFO init end
Thu, 06 Sep 2018 17:08:43 runner1.py[line:207] INFO Email for test was send
Thu, 06 Sep 2018 17:09:34 file_excute.py[line:29] INFO 获取文件内容成功
Thu, 06 Sep 2018 17:09:34 runner1.py[line:150] INFO smtp conf ====> ip: smtp.exmail.qq.com port: 465 user: heby@m2c2017.com password: UZw3WKwVHetaABBm
Thu, 06 Sep 2018 17:09:34 runner1.py[line:151] INFO init end
Thu, 06 Sep 2018 17:09:36 runner1.py[line:207] INFO Email for test was send
Thu, 06 Sep 2018 17:10:05 file_excute.py[line:29] INFO 获取文件内容成功
Thu, 06 Sep 2018 17:10:05 runner1.py[line:150] INFO smtp conf ====> ip: smtp.exmail.qq.com port: 465 user: heby@m2c2017.com password: UZw3WKwVHetaABBm
Thu, 06 Sep 2018 17:10:05 runner1.py[line:151] INFO init end
Thu, 06 Sep 2018 17:10:08 runner1.py[line:207] INFO Email for test was send
